THEFT TRACKER BUILD LOG mer 25 ago 2021, 12.26.01, CEST


STATIC LIBRARY COMPILING...

msp430-gcc -mmcu=msp430f1611 -I. -I../../platform/sky/. -I../../platform/sky/dev -I../../platform/sky/apps -I../../platform/sky/net -I../../cpu/msp430/f1xxx -I../../cpu/msp430/. -I../../cpu/msp430/dev -I../../core/dev -I../../core/lib -I../../core/net -I../../core/net/llsec -I../../core/net/mac -I../../core/net/rime -I../../core/net/rpl -I../../core/sys -I../../core/cfs -I../../core/ctk -I../../core/lib/ctk -I../../core/loader -I../../core/. -I../../core/sys -I../../core/dev -I../../core/lib -I../../core/net/rime -I../../core/net/mac -I../../core/net -I../../core/net/mac/contikimac -I../../core/net/mac/cxmac -I../../core/net/llsec -I../../core/net/llsec/noncoresec -I../../dev/cc2420 -I../../dev/sht11 -I../../dev/ds2411 -I../../platform/sky/ -Iinclude -I../.. -c src/theft_tracker_utils.c -o lib/theft_tracker_utils.o
msp430-ar -cvq lib/libtheft_tracker_utils.a lib/theft_tracker_utils.o
a - lib/theft_tracker_utils.o


MOTE APP COMPILING...

mkdir obj_sky
  CC        ../../platform/sky/./contiki-sky-platform.c
  CC        ../../dev/sht11/sht11.c
  CC        ../../dev/sht11/sht11-sensor.c
  CC        ../../platform/sky/dev/light-sensor.c
  CC        ../../platform/sky/dev/battery-sensor.c
  CC        ../../platform/sky/dev/button-sensor.c
  CC        ../../platform/sky/dev/radio-sensor.c
  CC        ../../cpu/msp430/f1xxx/spi.c
  CC        ../../dev/ds2411/ds2411.c
  CC        ../../platform/sky/dev/xmem.c
  CC        ../../platform/sky/dev/i2c.c
  CC        ../../platform/sky/./node-id.c
  CC        ../../core/lib/sensors.c
  CC        ../../core/cfs/cfs-coffee.c
  CC        ../../dev/cc2420/cc2420.c
  CC        ../../cpu/msp430/./cc2420-arch.c
  CC        ../../cpu/msp430/./cc2420-arch-sfd.c
  CC        ../../platform/sky/dev/sky-sensors.c
  CC        ../../cpu/msp430/./uip-ipchksum.c
  CC        ../../cpu/msp430/f1xxx/uart1.c
  CC        ../../cpu/msp430/./slip_uart1.c
  CC        ../../cpu/msp430/dev/uart1-putchar.c
  CC        ../../core/lib/me.c
  CC        ../../core/lib/me_tabs.c
  CC        ../../core/dev/slip.c
  CC        ../../core/lib/crc16.c
  CC        ../../cpu/msp430/f1xxx/msp430.c
  CC        ../../cpu/msp430/./flash.c
  CC        ../../cpu/msp430/f1xxx/clock.c
  CC        ../../core/dev/leds.c
  CC        ../../cpu/msp430/./leds-arch.c
  CC        ../../cpu/msp430/./watchdog.c
  CC        ../../cpu/msp430/./lpm.c
  CC        ../../cpu/msp430/f1xxx/rtimer-arch.c
  CC        ../../cpu/msp430/./mtarch.c
  CC        ../../core/loader/elfloader.c
  CC        ../../core/loader/elfloader-msp430.c
  CC        ../../core/loader/symtab.c
  CC        ../../core/sys/autostart.c
  CC        ../../core/sys/stimer.c
  CC        ../../core/sys/arg.c
  CC        ../../core/sys/energest.c
  CC        ../../core/sys/etimer.c
  CC        ../../core/sys/ctimer.c
  CC        ../../core/sys/compower.c
  CC        ../../core/sys/process.c
  CC        ../../core/sys/rtimer.c
  CC        ../../core/sys/mt.c
  CC        ../../core/sys/procinit.c
  CC        ../../core/sys/timer.c
  CC        ../../core/dev/serial-line.c
  CC        ../../core/dev/nullradio.c
  CC        ../../core/lib/settings.c
  CC        ../../core/lib/ifft.c
  CC        ../../core/lib/trickle-timer.c
  CC        ../../core/lib/mmem.c
  CC        ../../core/lib/ringbufindex.c
  CC        ../../core/lib/ccm-star.c
  CC        ../../core/lib/list.c
  CC        ../../core/lib/aes-128.c
  CC        ../../core/lib/print-stats.c
  CC        ../../core/lib/memb.c
  CC        ../../core/lib/petsciiconv.c
  CC        ../../core/lib/gcr.c
  CC        ../../core/lib/random.c
  CC        ../../core/lib/assert.c
  CC        ../../core/lib/ringbuf.c
  CC        ../../core/net/rime/chameleon-bitopt.c
  CC        ../../core/net/rime/broadcast-announcement.c
  CC        ../../core/net/rime/rudolph2.c
  CC        ../../core/net/rime/polite-announcement.c
  CC        ../../core/net/rime/trickle.c
  CC        ../../core/net/rime/broadcast.c
  CC        ../../core/net/rime/announcement.c
  CC        ../../core/net/rime/rimestats.c
  CC        ../../core/net/rime/chameleon-raw.c
  CC        ../../core/net/rime/runicast.c
  CC        ../../core/net/rime/rmh.c
  CC        ../../core/net/rime/packetqueue.c
  CC        ../../core/net/rime/rime.c
  CC        ../../core/net/rime/polite.c
  CC        ../../core/net/rime/ipolite.c
  CC        ../../core/net/rime/stunicast.c
  CC        ../../core/net/rime/route-discovery.c
  CC        ../../core/net/rime/chameleon.c
  CC        ../../core/net/rime/channel.c
  CC        ../../core/net/rime/netflood.c
  CC        ../../core/net/rime/stbroadcast.c
  CC        ../../core/net/rime/neighbor-discovery.c
  CC        ../../core/net/rime/collect.c
  CC        ../../core/net/rime/abc.c
  CC        ../../core/net/rime/collect-neighbor.c
  CC        ../../core/net/rime/multihop.c
  CC        ../../core/net/rime/rudolph1.c
  CC        ../../core/net/rime/mesh.c
  CC        ../../core/net/rime/unicast.c
  CC        ../../core/net/rime/rucb.c
  CC        ../../core/net/rime/collect-link-estimate.c
  CC        ../../core/net/rime/timesynch.c
  CC        ../../core/net/rime/route.c
  CC        ../../core/net/mac/nullmac.c
  CC        ../../core/net/mac/nullrdc-noframer.c
  CC        ../../core/net/mac/frame802154e-ie.c
  CC        ../../core/net/mac/mac-sequence.c
  CC        ../../core/net/mac/nordc.c
  CC        ../../core/net/mac/csma.c
  CC        ../../core/net/mac/frame802154.c
  CC        ../../core/net/mac/mac.c
  CC        ../../core/net/mac/framer-802154.c
  CC        ../../core/net/mac/framer-nullmac.c
  CC        ../../core/net/mac/phase.c
  CC        ../../core/net/mac/nullrdc.c
  CC        ../../core/net/queuebuf.c
  CC        ../../core/net/nbr-table.c
  CC        ../../core/net/packetbuf.c
  CC        ../../core/net/netstack.c
  CC        ../../core/net/linkaddr.c
  CC        ../../core/net/net-debug.c
  CC        ../../core/net/link-stats.c
  CC        ../../core/net/mac/contikimac/contikimac.c
  CC        ../../core/net/mac/contikimac/contikimac-framer.c
  CC        ../../core/net/mac/cxmac/cxmac.c
  CC        ../../core/net/llsec/nullsec.c
  CC        ../../core/net/llsec/anti-replay.c
  CC        ../../core/net/llsec/ccm-star-packetbuf.c
  CC        ../../core/net/llsec/noncoresec/noncoresec.c
  CC        symbols.c
  AR        contiki-sky.a
  CC        src/theft_tracker_mote.c
  CC        ../../platform/sky/./contiki-sky-main.c
  LD        src/theft_tracker_mote.sky
rm src/theft_tracker_mote.co obj_sky/contiki-sky-main.o


GATEWAY_1 APP COMPILING...

cp src/theft_tracker_gateway.ctemp src/theft_tracker_gateway_1.c
  CC        src/theft_tracker_gateway_1.c
  CC        ../../platform/sky/./contiki-sky-main.c
  LD        src/theft_tracker_gateway_1.sky
rm src/theft_tracker_gateway_1.co obj_sky/contiki-sky-main.o


GATEWAY_2 APP COMPILING...

cp src/theft_tracker_gateway.ctemp src/theft_tracker_gateway_2.c
  CC        src/theft_tracker_gateway_2.c
  CC        ../../platform/sky/./contiki-sky-main.c
  LD        src/theft_tracker_gateway_2.sky
rm src/theft_tracker_gateway_2.co obj_sky/contiki-sky-main.o
